nohup: ignoring input
[I 2024-09-25 02:41:20.357 ServerApp] jupyter_lsp | extension was successfully linked.
[I 2024-09-25 02:41:20.364 ServerApp] jupyter_server_terminals | extension was successfully linked.
[I 2024-09-25 02:41:20.373 ServerApp] jupyterlab | extension was successfully linked.
[I 2024-09-25 02:41:20.376 ServerApp] Writing Jupyter server cookie secret to /home/ec2-user/.local/share/jupyter/runtime/jupyter_cookie_secret
[I 2024-09-25 02:41:21.077 ServerApp] notebook_shim | extension was successfully linked.
[I 2024-09-25 02:41:21.207 ServerApp] notebook_shim | extension was successfully loaded.
[I 2024-09-25 02:41:21.232 ServerApp] jupyter_lsp | extension was successfully loaded.
[I 2024-09-25 02:41:21.233 ServerApp] jupyter_server_terminals | extension was successfully loaded.
[I 2024-09-25 02:41:21.235 LabApp] JupyterLab extension loaded from /home/ec2-user/environment/jupyterlab-venv/lib64/python3.9/site-packages/jupyterlab
[I 2024-09-25 02:41:21.236 LabApp] JupyterLab application directory is /home/ec2-user/environment/jupyterlab-venv/share/jupyter/lab
[I 2024-09-25 02:41:21.236 LabApp] Extension Manager is 'pypi'.
[I 2024-09-25 02:41:21.264 ServerApp] jupyterlab | extension was successfully loaded.
[I 2024-09-25 02:41:21.265 ServerApp] Serving notebooks from local directory: /home/ec2-user/environment
[I 2024-09-25 02:41:21.265 ServerApp] Jupyter Server 2.14.2 is running at:
[I 2024-09-25 02:41:21.265 ServerApp] http://ip-10-0-1-250.ec2.internal:8888/lab?token=f611a12c13acbb6c25f04f4565c3fef4470fbaa5ce560485
[I 2024-09-25 02:41:21.265 ServerApp]     http://127.0.0.1:8888/lab?token=f611a12c13acbb6c25f04f4565c3fef4470fbaa5ce560485
[I 2024-09-25 02:41:21.265 ServerApp] Use Control-C to stop this server and shut down all kernels (twice to skip confirmation).
[W 2024-09-25 02:41:21.309 ServerApp] No web browser found: Error('could not locate runnable browser').
[C 2024-09-25 02:41:21.310 ServerApp] 
    
    To access the server, open this file in a browser:
        file:///home/ec2-user/.local/share/jupyter/runtime/jpserver-3784-open.html
    Or copy and paste one of these URLs:
        http://ip-10-0-1-250.ec2.internal:8888/lab?token=f611a12c13acbb6c25f04f4565c3fef4470fbaa5ce560485
        http://127.0.0.1:8888/lab?token=f611a12c13acbb6c25f04f4565c3fef4470fbaa5ce560485
[I 2024-09-25 02:41:21.911 ServerApp] Skipped non-installed server(s): bash-language-server, dockerfile-language-server-nodejs, javascript-typescript-langserver, jedi-language-server, julia-language-server, pyright, python-language-server, python-lsp-server, r-languageserver, sql-language-server, texlab, typescript-language-server, unified-language-server, vscode-css-languageserver-bin, vscode-html-languageserver-bin, vscode-json-languageserver-bin, yaml-language-server
[I 2024-09-25 02:42:17.569 LabApp] Build is up to date
[I 2024-09-25 02:42:21.637 ServerApp] Writing notebook-signing key to /home/ec2-user/.local/share/jupyter/notebook_secret
[W 2024-09-25 02:42:21.679 ServerApp] Notebook C3_W2_Assignment.ipynb is not trusted
[I 2024-09-25 02:42:24.055 ServerApp] Kernel started: 0c60296b-cf37-411d-a5f5-8331dbd37623
[I 2024-09-25 02:42:25.083 ServerApp] Connecting to kernel 0c60296b-cf37-411d-a5f5-8331dbd37623.
[I 2024-09-25 02:42:25.592 ServerApp] Connecting to kernel 0c60296b-cf37-411d-a5f5-8331dbd37623.
[I 2024-09-25 02:42:26.100 ServerApp] Connecting to kernel 0c60296b-cf37-411d-a5f5-8331dbd37623.
[I 2024-09-25 02:44:26.646 ServerApp] Saving file at /C3_W2_Assignment.ipynb
[W 2024-09-25 02:44:26.648 ServerApp] Notebook C3_W2_Assignment.ipynb is not trusted
[I 2024-09-25 02:45:46.851 ServerApp] Saving file at /terraform/modules/landing_etl/glue.tf
[I 2024-09-25 02:45:47.518 ServerApp] Saving file at /terraform/modules/landing_etl/glue.tf
[I 2024-09-25 02:46:12.317 ServerApp] Starting buffering for 0c60296b-cf37-411d-a5f5-8331dbd37623:f9739817-3607-4946-bfc0-00f9b2b05b57
[W 2024-09-25 02:46:17.397 ServerApp] Notebook C3_W2_Assignment.ipynb is not trusted
[I 2024-09-25 02:46:25.695 ServerApp] Connecting to kernel 0c60296b-cf37-411d-a5f5-8331dbd37623.
[I 2024-09-25 02:48:26.823 ServerApp] Saving file at /C3_W2_Assignment.ipynb
[W 2024-09-25 02:48:26.826 ServerApp] Notebook C3_W2_Assignment.ipynb is not trusted
[I 2024-09-25 02:56:32.385 ServerApp] Saving file at /C3_W2_Assignment.ipynb
[W 2024-09-25 02:56:32.387 ServerApp] Notebook C3_W2_Assignment.ipynb is not trusted
[I 2024-09-25 02:58:33.615 ServerApp] Saving file at /C3_W2_Assignment.ipynb
[W 2024-09-25 02:58:33.617 ServerApp] Notebook C3_W2_Assignment.ipynb is not trusted
[I 2024-09-25 03:02:37.842 ServerApp] Saving file at /C3_W2_Assignment.ipynb
[W 2024-09-25 03:02:37.844 ServerApp] Notebook C3_W2_Assignment.ipynb is not trusted
[I 2024-09-25 03:04:47.004 ServerApp] Saving file at /C3_W2_Assignment.ipynb
[W 2024-09-25 03:04:47.005 ServerApp] Notebook C3_W2_Assignment.ipynb is not trusted
[I 2024-09-25 03:06:25.091 ServerApp] Saving file at /C3_W2_Assignment.ipynb
[I 2024-09-25 03:06:28.474 ServerApp] Saving file at /C3_W2_Assignment.ipynb
[I 2024-09-25 03:08:36.542 ServerApp] Saving file at /C3_W2_Assignment.ipynb
[I 2024-09-25 03:10:39.978 ServerApp] Saving file at /C3_W2_Assignment.ipynb
[I 2024-09-25 03:12:44.083 ServerApp] Saving file at /C3_W2_Assignment.ipynb
[I 2024-09-25 03:13:51.105 ServerApp] Saving file at /terraform/assets/landing_etl_jobs/de_c3w2a1_json_ingress.py
[I 2024-09-25 03:13:53.641 ServerApp] Saving file at /terraform/assets/landing_etl_jobs/de_c3w2a1_json_ingress.py
[I 2024-09-25 03:14:09.829 ServerApp] Saving file at /terraform/assets/landing_etl_jobs/de_c3w2a1_json_ingress.py
[I 2024-09-25 03:14:12.176 ServerApp] Saving file at /terraform/assets/landing_etl_jobs/de_c3w2a1_json_ingress.py
[I 2024-09-25 03:14:13.861 ServerApp] Saving file at /terraform/assets/landing_etl_jobs/de_c3w2a1_json_ingress.py
[I 2024-09-25 03:14:50.654 ServerApp] Saving file at /C3_W2_Assignment.ipynb
[I 2024-09-25 03:18:54.961 ServerApp] Saving file at /C3_W2_Assignment.ipynb
[I 2024-09-25 03:20:59.328 ServerApp] Saving file at /C3_W2_Assignment.ipynb
[I 2024-09-25 03:22:29.956 ServerApp] 302 GET / (@198.235.24.33) 0.59ms
[I 2024-09-25 03:22:30.320 LabApp] 302 GET /lab? (@198.235.24.33) 0.67ms
[I 2024-09-25 03:25:58.961 ServerApp] Saving file at /terraform/assets/transform_etl_jobs/de_c3w2a1_ratings_to_iceberg.py
[I 2024-09-25 03:26:01.006 ServerApp] Saving file at /terraform/assets/transform_etl_jobs/de_c3w2a1_ratings_to_iceberg.py
[I 2024-09-25 03:31:02.744 ServerApp] Saving file at /C3_W2_Assignment.ipynb
[I 2024-09-25 03:37:07.505 ServerApp] Saving file at /C3_W2_Assignment.ipynb
[I 2024-09-25 03:38:49.986 ServerApp] Saving file at /terraform/assets/transform_etl_jobs/de_c3w2a1_ratings_to_iceberg.py
[I 2024-09-25 03:41:08.766 ServerApp] Saving file at /C3_W2_Assignment.ipynb
[I 2024-09-25 03:43:09.947 ServerApp] Saving file at /C3_W2_Assignment.ipynb
[I 2024-09-25 03:45:12.576 ServerApp] Saving file at /C3_W2_Assignment.ipynb
[W 2024-09-25 03:46:24.736 ServerApp] 404 GET /webpages/login.html (@95.214.55.43) 10.26ms referer=None
